{"uuid":"118943dd-9db3-4694-b129-2e4669a46acb","historyId":"f730b7e4fe936b53be3208b5f8949645","fullName":"com.gudexams.student.StudentLogin.StudentLogin1","labels":[{"name":"package","value":"com.gudexams.student.StudentLogin"},{"name":"testClass","value":"com.gudexams.student.StudentLogin"},{"name":"testMethod","value":"StudentLogin1"},{"name":"parentSuite","value":"Suite"},{"name":"suite","value":"Test"},{"name":"subSuite","value":"com.gudexams.student.StudentLogin"},{"name":"host","value":"DESKTOP-62ENQ34"},{"name":"thread","value":"9992@DESKTOP-62ENQ34.TestNG-PoolService-0(21)"},{"name":"framework","value":"testng"},{"name":"language","value":"java"}],"links":[],"name":"To test the login logout funcationality of the student role using given login cedentials","status":"broken","statusDetails":{"known":false,"muted":false,"flaky":false,"message":"Expected condition failed: waiting for presence of element located by: By.xpath: //*[@id='layoutSidenav_content']/main/div/div/div[3]/div/div/div[2]/ul/li[3]/text()[2] (tried for 10 second(s) with 500 milliseconds interval)","trace":"org.openqa.selenium.TimeoutException: Expected condition failed: waiting for presence of element located by: By.xpath: //*[@id='layoutSidenav_content']/main/div/div/div[3]/div/div/div[2]/ul/li[3]/text()[2] (tried for 10 second(s) with 500 milliseconds interval)\r\n\tat org.openqa.selenium.support.ui.WebDriverWait.timeoutException(WebDriverWait.java:138)\r\n\tat org.openqa.selenium.support.ui.FluentWait.until(FluentWait.java:231)\r\n\tat com.gudexams.factories.ExplicitWaitFactory.performExplicitWait(ExplicitWaitFactory.java:28)\r\n\tat com.gudexams.studentpages.BasePage.getText(BasePage.java:38)\r\n\tat com.gudexams.studentpages.StudentHome_po.noOfQuestion(StudentHome_po.java:142)\r\n\tat com.gudexams.student.StudentHome.cardInfoValidation(StudentHome.java:93)\r\n\tat com.gudexams.student.StudentLogin.StudentLogin1(StudentLogin.java:43)\r\n\tat java.base/jdk.internal.reflect.NativeMethodAccessorImpl.invoke0(Native Method)\r\n\tat java.base/jdk.internal.reflect.NativeMethodAccessorImpl.invoke(NativeMethodAccessorImpl.java:78)\r\n\tat java.base/jdk.internal.reflect.DelegatingMethodAccessorImpl.invoke(DelegatingMethodAccessorImpl.java:43)\r\n\tat java.base/java.lang.reflect.Method.invoke(Method.java:567)\r\n\tat org.testng.internal.MethodInvocationHelper.invokeMethod(MethodInvocationHelper.java:133)\r\n\tat org.testng.internal.TestInvoker.invokeMethod(TestInvoker.java:598)\r\n\tat org.testng.internal.TestInvoker.invokeTestMethod(TestInvoker.java:173)\r\n\tat org.testng.internal.TestMethodWithDataProviderMethodWorker.call(TestMethodWithDataProviderMethodWorker.java:77)\r\n\tat org.testng.internal.TestMethodWithDataProviderMethodWorker.call(TestMethodWithDataProviderMethodWorker.java:15)\r\n\tat java.base/java.util.concurrent.FutureTask.run(FutureTask.java:264)\r\n\tat java.base/java.util.concurrent.Executors$RunnableAdapter.call(Executors.java:515)\r\n\tat java.base/java.util.concurrent.FutureTask.run(FutureTask.java:264)\r\n\tat java.base/java.util.concurrent.ThreadPoolExecutor.runWorker(ThreadPoolExecutor.java:1130)\r\n\tat java.base/java.util.concurrent.ThreadPoolExecutor$Worker.run(ThreadPoolExecutor.java:630)\r\n\tat java.base/java.lang.Thread.run(Thread.java:831)\r\nCaused by: org.openqa.selenium.InvalidSelectorException: invalid selector: The result of the xpath expression \"//*[@id='layoutSidenav_content']/main/div/div/div[3]/div/div/div[2]/ul/li[3]/text()[2]\" is: [object Text]. It should be an element.\n  (Session info: chrome=98.0.4758.102)\nFor documentation on this error, please visit: https://selenium.dev/exceptions/#invalid_selector_exception\nBuild info: version: '4.1.1', revision: 'e8fcc2cecf'\nSystem info: host: 'DESKTOP-62ENQ34', ip: '172.19.48.1', os.name: 'Windows 10', os.arch: 'amd64', os.version: '10.0', java.version: '16.0.1'\nDriver info: org.openqa.selenium.remote.RemoteWebDriver\nCommand: [e958e011b31f056d84804e43531afda4, findElement {using=xpath, value=//*[@id='layoutSidenav_content']/main/div/div/div[3]/div/div/div[2]/ul/li[3]/text()[2]}]\nCapabilities {acceptInsecureCerts: false, browserName: chrome, browserVersion: 98.0.4758.102, chrome: {chromedriverVersion: 98.0.4758.102 (273bf7ac8c90..., userDataDir: /tmp/.com.google.Chrome.HsbT9F}, goog:chromeOptions: {debuggerAddress: localhost:44775}, javascriptEnabled: true, marionette: true, networkConnectionEnabled: false, pageLoadStrategy: normal, platform: LINUX, platformName: LINUX, proxy: Proxy(), se:cdp: ws://172.17.0.3:4444/sessio..., se:cdpVersion: 98.0.4758.102, se:vnc: ws://172.17.0.3:4444/sessio..., se:vncEnabled: true, se:vncLocalAddress: ws://172.17.0.3:7900, setWindowRect: true, strictFileInteractability: false, timeouts: {implicit: 0, pageLoad: 300000, script: 30000}, unhandledPromptBehavior: dismiss and notify, webauthn:extension:credBlob: true, webauthn:extension:largeBlob: true, webauthn:virtualAuthenticators: true}\nSession ID: e958e011b31f056d84804e43531afda4\r\n\tat jdk.internal.reflect.GeneratedConstructorAccessor19.newInstance(Unknown Source)\r\n\tat java.base/jdk.internal.reflect.DelegatingConstructorAccessorImpl.newInstance(DelegatingConstructorAccessorImpl.java:45)\r\n\tat java.base/java.lang.reflect.Constructor.newInstanceWithCaller(Constructor.java:499)\r\n\tat java.base/java.lang.reflect.Constructor.newInstance(Constructor.java:480)\r\n\tat org.openqa.selenium.remote.codec.w3c.W3CHttpResponseCodec.createException(W3CHttpResponseCodec.java:200)\r\n\tat org.openqa.selenium.remote.codec.w3c.W3CHttpResponseCodec.decode(W3CHttpResponseCodec.java:133)\r\n\tat org.openqa.selenium.remote.codec.w3c.W3CHttpResponseCodec.decode(W3CHttpResponseCodec.java:53)\r\n\tat org.openqa.selenium.remote.HttpCommandExecutor.execute(HttpCommandExecutor.java:184)\r\n\tat org.openqa.selenium.remote.TracedCommandExecutor.execute(TracedCommandExecutor.java:51)\r\n\tat org.openqa.selenium.remote.RemoteWebDriver.execute(RemoteWebDriver.java:543)\r\n\tat org.openqa.selenium.remote.ElementLocation$ElementFinder$2.findElement(ElementLocation.java:162)\r\n\tat org.openqa.selenium.remote.ElementLocation.findElement(ElementLocation.java:60)\r\n\tat org.openqa.selenium.remote.RemoteWebDriver.findElement(RemoteWebDriver.java:367)\r\n\tat org.openqa.selenium.remote.RemoteWebDriver.findElement(RemoteWebDriver.java:359)\r\n\tat org.openqa.selenium.support.ui.ExpectedConditions$6.apply(ExpectedConditions.java:174)\r\n\tat org.openqa.selenium.support.ui.ExpectedConditions$6.apply(ExpectedConditions.java:171)\r\n\tat org.openqa.selenium.support.ui.FluentWait.until(FluentWait.java:208)\r\n\t... 20 more\r\n"},"stage":"finished","steps":[],"attachments":[],"parameters":[{"name":"arg0","value":"{password=12345678, role=student, browser=chrome, execute=yes, testName=StudentLogin1, username=202101}"}],"start":1648101194643,"stop":1648101234528}