{"uuid":"d054f0c7-3fcf-4e44-be12-f4f44566ec20","historyId":"10702352af5e01fa0329d14356620ae8","fullName":"com.gudexams.student.StudentLogin.StudentLogin1","labels":[{"name":"package","value":"com.gudexams.student.StudentLogin"},{"name":"testClass","value":"com.gudexams.student.StudentLogin"},{"name":"testMethod","value":"StudentLogin1"},{"name":"parentSuite","value":"Suite"},{"name":"suite","value":"Test"},{"name":"subSuite","value":"com.gudexams.student.StudentLogin"},{"name":"host","value":"DESKTOP-62ENQ34"},{"name":"thread","value":"19952@DESKTOP-62ENQ34.TestNG-test=Test-1(19)"},{"name":"framework","value":"testng"},{"name":"language","value":"java"}],"links":[],"name":"To test the login logout funcationality of the student role using given login cedentials","status":"broken","statusDetails":{"known":false,"muted":false,"flaky":false,"message":"java.util.concurrent.ExecutionException: java.lang.NullPointerException: Cannot invoke \"org.openqa.selenium.TakesScreenshot.getScreenshotAs(org.openqa.selenium.OutputType)\" because the return value of \"com.gudexams.driver.DriverManager.getDriver()\" is null","trace":"org.testng.TestNGException: java.util.concurrent.ExecutionException: java.lang.NullPointerException: Cannot invoke \"org.openqa.selenium.TakesScreenshot.getScreenshotAs(org.openqa.selenium.OutputType)\" because the return value of \"com.gudexams.driver.DriverManager.getDriver()\" is null\r\n\tat org.testng.internal.PoolService.submitTasksAndWait(PoolService.java:54)\r\n\tat org.testng.internal.MethodRunner.runInParallel(MethodRunner.java:127)\r\n\tat org.testng.internal.TestInvoker$MethodInvocationAgent.invoke(TestInvoker.java:819)\r\n\tat org.testng.internal.TestInvoker.invokeTestMethods(TestInvoker.java:146)\r\n\tat org.testng.internal.TestMethodWorker.invokeTestMethods(TestMethodWorker.java:146)\r\n\tat org.testng.internal.TestMethodWorker.run(TestMethodWorker.java:128)\r\n\tat java.base/java.util.concurrent.ThreadPoolExecutor.runWorker(ThreadPoolExecutor.java:1130)\r\n\tat java.base/java.util.concurrent.ThreadPoolExecutor$Worker.run(ThreadPoolExecutor.java:630)\r\n\tat java.base/java.lang.Thread.run(Thread.java:831)\r\nCaused by: java.util.concurrent.ExecutionException: java.lang.NullPointerException: Cannot invoke \"org.openqa.selenium.TakesScreenshot.getScreenshotAs(org.openqa.selenium.OutputType)\" because the return value of \"com.gudexams.driver.DriverManager.getDriver()\" is null\r\n\tat java.base/java.util.concurrent.FutureTask.report(FutureTask.java:122)\r\n\tat java.base/java.util.concurrent.FutureTask.get(FutureTask.java:191)\r\n\tat org.testng.internal.PoolService.submitTasksAndWait(PoolService.java:52)\r\n\t... 8 more\r\nCaused by: java.lang.NullPointerException: Cannot invoke \"org.openqa.selenium.TakesScreenshot.getScreenshotAs(org.openqa.selenium.OutputType)\" because the return value of \"com.gudexams.driver.DriverManager.getDriver()\" is null\r\n\tat com.gudexams.utils.ScreenshotUtils.getBase64Image(ScreenshotUtils.java:14)\r\n\tat com.gudexams.reports.ExtentLogger.skip(ExtentLogger.java:57)\r\n\tat com.gudexams.listeners.ListenersClass.onTestSkipped(ListenersClass.java:49)\r\n\tat org.testng.internal.TestListenerHelper.runTestListeners(TestListenerHelper.java:87)\r\n\tat org.testng.internal.TestInvoker.runTestResultListener(TestInvoker.java:219)\r\n\tat org.testng.internal.TestInvoker.invokeListenersForSkippedTestResult(TestInvoker.java:447)\r\n\tat org.testng.internal.TestInvoker.invokeMethod(TestInvoker.java:545)\r\n\tat org.testng.internal.TestInvoker.invokeTestMethod(TestInvoker.java:173)\r\n\tat org.testng.internal.TestMethodWithDataProviderMethodWorker.call(TestMethodWithDataProviderMethodWorker.java:77)\r\n\tat org.testng.internal.TestMethodWithDataProviderMethodWorker.call(TestMethodWithDataProviderMethodWorker.java:15)\r\n\tat java.base/java.util.concurrent.FutureTask.run(FutureTask.java:264)\r\n\tat java.base/java.util.concurrent.Executors$RunnableAdapter.call(Executors.java:515)\r\n\tat java.base/java.util.concurrent.FutureTask.run(FutureTask.java:264)\r\n\t... 3 more\r\n"},"stage":"finished","steps":[],"attachments":[],"parameters":[],"start":1649656447948,"stop":1649656447949}